<?xml version="1.0" encoding="UTF-8"?>
<!-- Generated by org.testng.reporters.JUnitXMLReporter -->
<testsuite hostname="200411LTP0267" name="Test" tests="5" failures="3" timestamp="4 Apr 2018 18:53:54 GMT" time="294.94" errors="0">
  <testcase name="Login" time="2.146" classname="testcases.TC001_LoginToOKTA"/>
  <testcase name="UnlockAccount" time="44.779" classname="testcases.TC004_UnlockAccount">
    <failure type="java.lang.NullPointerException">
      <![CDATA[java.lang.NullPointerException
	at pages.UnlockAccountPage.unlockViaEmail(UnlockAccountPage.java:67)
	at testcases.TC004_UnlockAccount.UnlockAccount(TC004_UnlockAccount.java:29)
... Removed 24 stack frames]]>
    </failure>
  </testcase> <!-- UnlockAccount -->
  <testcase name="ForgotPassword" time="75.718" classname="testcases.TC005_ForgotPassword"/>
  <testcase name="changeForgotPasswordQuestion" time="68.335" classname="testcases.TC003_ChangeForgotPasswordQuestion">
    <failure type="java.lang.RuntimeException" message="FAILED">
      <![CDATA[java.lang.RuntimeException: FAILED
	at utils.Reporter.reportStep(Reporter.java:54)
	at utils.Reporter.reportStep(Reporter.java:70)
	at wdMethods.SeMethods.click(SeMethods.java:170)
	at pages.HomePage.clickPasswordQuestionEditButton(HomePage.java:118)
	at testcases.TC003_ChangeForgotPasswordQuestion.changeForgotPasswordQuestion(TC003_ChangeForgotPasswordQuestion.java:34)
... Removed 24 stack frames]]>
    </failure>
  </testcase> <!-- changeForgotPasswordQuestion -->
  <testcase name="ChangePassword" time="67.375" classname="testcases.TC002_ChangePassword">
    <failure type="java.lang.RuntimeException" message="FAILED">
      <![CDATA[java.lang.RuntimeException: FAILED
	at utils.Reporter.reportStep(Reporter.java:54)
	at utils.Reporter.reportStep(Reporter.java:70)
	at wdMethods.SeMethods.type(SeMethods.java:152)
	at pages.HomePage.enterOldPassword(HomePage.java:75)
	at testcases.TC002_ChangePassword.ChangePassword(TC002_ChangePassword.java:33)
... Removed 24 stack frames]]>
    </failure>
  </testcase> <!-- ChangePassword -->
</testsuite> <!-- Test -->
